Compiling the CXX compiler identification source file "CMakeCXXCompilerId.cpp" failed.
Compiler: /usr/bin/c++.exe 
Build flags: 
Id flags: 

The output was:
1
c++: fatal error: -fuse-linker-plugin, but cyglto_plugin.dll not found
compilation terminated.


Determining if the CXX compiler works failed with the following output:
Change Dir: /cygdrive/c/Users/armando/workspace/c/COMP4/cmake-build-debug/CMakeFiles/CMakeTmp

Run Build Command:"/usr/bin/make.exe" "cmTC_b2c15/fast"
/usr/bin/make -f CMakeFiles/cmTC_b2c15.dir/build.make CMakeFiles/cmTC_b2c15.dir/build
make[1]: Entering directory '/cygdrive/c/Users/armando/workspace/c/COMP4/cmake-build-debug/CMakeFiles/CMakeTmp'
Building CXX object CMakeFiles/cmTC_b2c15.dir/testCXXCompiler.cxx.o
/usr/bin/c++.exe      -o CMakeFiles/cmTC_b2c15.dir/testCXXCompiler.cxx.o -c /cygdrive/c/Users/armando/workspace/c/COMP4/cmake-build-debug/CMakeFiles/CMakeTmp/testCXXCompiler.cxx
Linking CXX executable cmTC_b2c15.exe
/cygdrive/c/Users/armando/.CLion2016.3/system/cygwin_cmake/bin/cmake.exe -E cmake_link_script CMakeFiles/cmTC_b2c15.dir/link.txt --verbose=1
/usr/bin/c++.exe     -Wl,--enable-auto-import  CMakeFiles/cmTC_b2c15.dir/testCXXCompiler.cxx.o  -o cmTC_b2c15.exe -Wl,--out-implib,libcmTC_b2c15.dll.a -Wl,--major-image-version,0,--minor-image-version,0 
c++: fatal error: -fuse-linker-plugin, but cyglto_plugin.dll not found
compilation terminated.
CMakeFiles/cmTC_b2c15.dir/build.make:97: recipe for target 'cmTC_b2c15.exe' failed
make[1]: *** [cmTC_b2c15.exe] Error 1
make[1]: Leaving directory '/cygdrive/c/Users/armando/workspace/c/COMP4/cmake-build-debug/CMakeFiles/CMakeTmp'
Makefile:126: recipe for target 'cmTC_b2c15/fast' failed
make: *** [cmTC_b2c15/fast] Error 2


